[debug] [2021-10-10T10:16:54.425Z] ----------------------------------------------------------------------
[debug] [2021-10-10T10:16:54.427Z] Command:       C:\Program Files\nodejs\node.exe C:\Users\Equinox\AppData\Roaming\npm\node_modules\firebase-tools\lib\bin\firebase.js init
[debug] [2021-10-10T10:16:54.427Z] CLI Version:   9.20.0
[debug] [2021-10-10T10:16:54.428Z] Platform:      win32
[debug] [2021-10-10T10:16:54.428Z] Node Version:  v14.18.0
[debug] [2021-10-10T10:16:54.428Z] Time:          Sun Oct 10 2021 18:16:54 GMT+0800 (Singapore Standard Time)
[debug] [2021-10-10T10:16:54.429Z] ----------------------------------------------------------------------
[debug] 
[debug] [2021-10-10T10:16:54.435Z] > command requires scopes: ["email","openid","https://www.googleapis.com/auth/cloudplatformprojects.readonly","https://www.googleapis.com/auth/firebase","https://www.googleapis.com/auth/cloud-platform"]
[debug] [2021-10-10T10:16:54.435Z] > authorizing via signed-in user (quiamconicko@gmail.com)
[info] 
     ######## #### ########  ######## ########     ###     ######  ########
     ##        ##  ##     ## ##       ##     ##  ##   ##  ##       ##
     ######    ##  ########  ######   ########  #########  ######  ######
     ##        ##  ##    ##  ##       ##     ## ##     ##       ## ##
     ##       #### ##     ## ######## ########  ##     ##  ######  ########

You're about to initialize a Firebase project in this directory:

  C:\latest-projects\quasagram-pwa

Before we get started, keep in mind:

  * You are currently outside your home directory

[info] 
=== Project Setup
[info] 
[info] First, let's associate this project directory with a Firebase project.
[info] You can create multiple project aliases by running firebase use --add, 
[info] but for now we'll just set up a default project.
[info] 
[debug] [2021-10-10T10:17:43.520Z] >>> [apiv2][query] GET https://firebase.googleapis.com/v1beta1/projects pageSize=100
[debug] [2021-10-10T10:17:44.415Z] <<< [apiv2][status] GET https://firebase.googleapis.com/v1beta1/projects 200
[debug] [2021-10-10T10:17:44.416Z] <<< [apiv2][body] GET https://firebase.googleapis.com/v1beta1/projects [omitted]
[info] i  Using project picturegram-e8afe (picturegram) 
[info] 
=== Firestore Setup
[debug] [2021-10-10T10:17:47.721Z] > refreshing access token with scopes: ["email","https://www.googleapis.com/auth/cloud-platform","https://www.googleapis.com/auth/cloudplatformprojects.readonly","https://www.googleapis.com/auth/firebase","openid"]
[debug] [2021-10-10T10:17:47.721Z] >>> HTTP REQUEST POST https://www.googleapis.com/oauth2/v3/token  
 <request body omitted>
[debug] [2021-10-10T10:17:47.850Z] <<< HTTP RESPONSE 200 {"date":"Sun, 10 Oct 2021 10:17:47 GMT","pragma":"no-cache","cache-control":"no-cache, no-store, max-age=0, must-revalidate","expires":"Mon, 01 Jan 1990 00:00:00 GMT","content-type":"application/json; charset=utf-8","vary":"X-Origin, Referer, Origin,Accept-Encoding","server":"scaffolding on HTTPServer2","x-xss-protection":"0","x-frame-options":"SAMEORIGIN","x-content-type-options":"nosniff","alt-svc":"h3=\":443\"; ma=2592000,h3-29=\":443\"; ma=2592000,h3-T051=\":443\"; ma=2592000,h3-Q050=\":443\"; ma=2592000,h3-Q046=\":443\"; ma=2592000,h3-Q043=\":443\"; ma=2592000,quic=\":443\"; ma=2592000; v=\"46,43\"","accept-ranges":"none","transfer-encoding":"chunked"}
[debug] [2021-10-10T10:17:47.859Z] >>> HTTP REQUEST GET https://serviceusage.googleapis.com/v1/projects/picturegram-e8afe/services/firestore.googleapis.com  
 
[debug] [2021-10-10T10:17:49.203Z] <<< HTTP RESPONSE 200 {"content-type":"application/json; charset=UTF-8","vary":"X-Origin, Referer, Origin,Accept-Encoding","date":"Sun, 10 Oct 2021 10:17:48 GMT","server":"ESF","cache-control":"private","x-xss-protection":"0","x-frame-options":"SAMEORIGIN","x-content-type-options":"nosniff","alt-svc":"h3=\":443\"; ma=2592000,h3-29=\":443\"; ma=2592000,h3-T051=\":443\"; ma=2592000,h3-Q050=\":443\"; ma=2592000,h3-Q046=\":443\"; ma=2592000,h3-Q043=\":443\"; ma=2592000,quic=\":443\"; ma=2592000; v=\"46,43\"","accept-ranges":"none","transfer-encoding":"chunked"}
[debug] [2021-10-10T10:17:49.203Z] >>> HTTP REQUEST GET https://appengine.googleapis.com/v1/apps/picturegram-e8afe  
 
[debug] [2021-10-10T10:17:49.715Z] <<< HTTP RESPONSE 200 {"content-type":"application/json; charset=UTF-8","vary":"X-Origin, Referer, Origin,Accept-Encoding","date":"Sun, 10 Oct 2021 10:17:49 GMT","server":"ESF","cache-control":"private","x-xss-protection":"0","x-frame-options":"SAMEORIGIN","x-content-type-options":"nosniff","alt-svc":"h3=\":443\"; ma=2592000,h3-29=\":443\"; ma=2592000,h3-T051=\":443\"; ma=2592000,h3-Q050=\":443\"; ma=2592000,h3-Q046=\":443\"; ma=2592000,h3-Q043=\":443\"; ma=2592000,quic=\":443\"; ma=2592000; v=\"46,43\"","accept-ranges":"none","transfer-encoding":"chunked"}
[debug] [2021-10-10T10:17:49.715Z] database_type: CLOUD_FIRESTORE
[debug] [2021-10-10T10:17:49.716Z] > command requires scopes: ["email","openid","https://www.googleapis.com/auth/cloudplatformprojects.readonly","https://www.googleapis.com/auth/firebase","https://www.googleapis.com/auth/cloud-platform"]
[debug] [2021-10-10T10:17:49.716Z] > authorizing via signed-in user (quiamconicko@gmail.com)
[debug] [2021-10-10T10:17:49.716Z] [iam] checking project picturegram-e8afe for permissions ["firebase.projects.get"]
[debug] [2021-10-10T10:17:49.716Z] >>> HTTP REQUEST POST https://cloudresourcemanager.googleapis.com/v1/projects/picturegram-e8afe:testIamPermissions  
 {"permissions":["firebase.projects.get"]}
[debug] [2021-10-10T10:17:50.688Z] <<< HTTP RESPONSE 200 {"content-type":"application/json; charset=UTF-8","vary":"X-Origin, Referer, Origin,Accept-Encoding","date":"Sun, 10 Oct 2021 10:17:50 GMT","server":"ESF","cache-control":"private","x-xss-protection":"0","x-frame-options":"SAMEORIGIN","x-content-type-options":"nosniff","server-timing":"gfet4t7; dur=822","alt-svc":"h3=\":443\"; ma=2592000,h3-29=\":443\"; ma=2592000,h3-T051=\":443\"; ma=2592000,h3-Q050=\":443\"; ma=2592000,h3-Q046=\":443\"; ma=2592000,h3-Q043=\":443\"; ma=2592000,quic=\":443\"; ma=2592000; v=\"46,43\"","accept-ranges":"none","transfer-encoding":"chunked"}
[info] 
[info] Firestore Security Rules allow you to define how and when to allow
[info] requests. You can keep these rules in your project directory
[info] and publish them with firebase deploy.
[info] 
[debug] [2021-10-10T10:17:56.491Z] >>> HTTP REQUEST GET https://firebaserules.googleapis.com/v1/projects/picturegram-e8afe/releases?pageSize=10&pageToken=  
 
[debug] [2021-10-10T10:17:57.696Z] <<< HTTP RESPONSE 200 {"content-type":"application/json; charset=UTF-8","vary":"X-Origin, Referer, Origin,Accept-Encoding","date":"Sun, 10 Oct 2021 10:17:57 GMT","server":"ESF","cache-control":"private","x-xss-protection":"0","x-frame-options":"SAMEORIGIN","x-content-type-options":"nosniff","alt-svc":"h3=\":443\"; ma=2592000,h3-29=\":443\"; ma=2592000,h3-T051=\":443\"; ma=2592000,h3-Q050=\":443\"; ma=2592000,h3-Q046=\":443\"; ma=2592000,h3-Q043=\":443\"; ma=2592000,quic=\":443\"; ma=2592000; v=\"46,43\"","accept-ranges":"none","transfer-encoding":"chunked"}
[debug] [2021-10-10T10:17:57.697Z] Found ruleset: projects/picturegram-e8afe/rulesets/6eea4e29-4610-4141-aecf-2f809631cec0
[debug] [2021-10-10T10:17:57.697Z] >>> HTTP REQUEST GET https://firebaserules.googleapis.com/v1/projects/picturegram-e8afe/rulesets/6eea4e29-4610-4141-aecf-2f809631cec0  
 
[debug] [2021-10-10T10:17:58.773Z] <<< HTTP RESPONSE 200 {"content-type":"application/json; charset=UTF-8","vary":"X-Origin, Referer, Origin,Accept-Encoding","date":"Sun, 10 Oct 2021 10:17:58 GMT","server":"ESF","cache-control":"private","x-xss-protection":"0","x-frame-options":"SAMEORIGIN","x-content-type-options":"nosniff","alt-svc":"h3=\":443\"; ma=2592000,h3-29=\":443\"; ma=2592000,h3-T051=\":443\"; ma=2592000,h3-Q050=\":443\"; ma=2592000,h3-Q046=\":443\"; ma=2592000,h3-Q043=\":443\"; ma=2592000,quic=\":443\"; ma=2592000; v=\"46,43\"","accept-ranges":"none","transfer-encoding":"chunked"}
[info] 
[info] Firestore indexes allow you to perform complex queries while
[info] maintaining performance that scales with the size of the result
[info] set. You can keep index definitions in your project directory
[info] and publish them with firebase deploy.
[info] 
[debug] [2021-10-10T10:18:05.520Z] >>> HTTP REQUEST GET https://firestore.googleapis.com/v1/projects/picturegram-e8afe/databases/(default)/collectionGroups/-/indexes  
 
[debug] [2021-10-10T10:18:05.521Z] >>> HTTP REQUEST GET https://firestore.googleapis.com/v1/projects/picturegram-e8afe/databases/(default)/collectionGroups/-/fields?filter=indexConfig.usesAncestorConfig=false  
 
[debug] [2021-10-10T10:18:06.838Z] <<< HTTP RESPONSE 200 {"content-type":"application/json; charset=UTF-8","vary":"X-Origin, Referer, Origin,Accept-Encoding","date":"Sun, 10 Oct 2021 10:18:06 GMT","server":"ESF","cache-control":"private","x-xss-protection":"0","x-frame-options":"SAMEORIGIN","x-content-type-options":"nosniff","alt-svc":"h3=\":443\"; ma=2592000,h3-29=\":443\"; ma=2592000,h3-T051=\":443\"; ma=2592000,h3-Q050=\":443\"; ma=2592000,h3-Q046=\":443\"; ma=2592000,h3-Q043=\":443\"; ma=2592000,quic=\":443\"; ma=2592000; v=\"46,43\"","accept-ranges":"none","transfer-encoding":"chunked"}
[debug] [2021-10-10T10:18:06.844Z] <<< HTTP RESPONSE 200 {"content-type":"application/json; charset=UTF-8","vary":"X-Origin, Referer, Origin,Accept-Encoding","date":"Sun, 10 Oct 2021 10:18:06 GMT","server":"ESF","cache-control":"private","x-xss-protection":"0","x-frame-options":"SAMEORIGIN","x-content-type-options":"nosniff","alt-svc":"h3=\":443\"; ma=2592000,h3-29=\":443\"; ma=2592000,h3-T051=\":443\"; ma=2592000,h3-Q050=\":443\"; ma=2592000,h3-Q046=\":443\"; ma=2592000,h3-Q043=\":443\"; ma=2592000,quic=\":443\"; ma=2592000; v=\"46,43\"","accept-ranges":"none","transfer-encoding":"chunked"}
[info] 
=== Hosting:github Setup
[info] 
[info] i  Detected a .git folder at C:\latest-projects\quasagram-pwa 
[info] i  Authorizing with GitHub to upload your service account to a GitHub repository's secrets store. 
[info] 
[info] Visit this URL on this device to log in:
[info] https://github.com/login/oauth/authorize?client_id=89cf50f02ac6aaed3484&state=13048739&redirect_uri=http%3A%2F%2Flocalhost%3A9005&scope=read%3Auser%20repo%20public_repo
[info] 
[info] Waiting for authentication...
[debug] [2021-10-10T10:18:20.766Z] >>> HTTP REQUEST POST https://github.com/login/oauth/access_token  
 {"client_id":"89cf50f02ac6aaed3484","client_secret":"3330d14abc895d9a74d5f17cd7a00711fa2c5bf0","code":"fd7a709670c37d649ee4","redirect_uri":"http://localhost:9005","state":"13048739"}
[debug] [2021-10-10T10:18:21.158Z] <<< HTTP RESPONSE 200 {"server":"GitHub.com","date":"Sun, 10 Oct 2021 10:18:20 GMT","content-type":"application/json; charset=utf-8","transfer-encoding":"chunked","vary":"X-PJAX, X-PJAX-Container, Accept-Encoding, Accept, X-Requested-With","permissions-policy":"interest-cohort=()","etag":"W/\"964ca647e7dbd78c0ff078e6294ed960\"","cache-control":"max-age=0, private, must-revalidate","strict-transport-security":"max-age=31536000; includeSubdomains; preload","x-frame-options":"deny","x-content-type-options":"nosniff","x-xss-protection":"0","referrer-policy":"origin-when-cross-origin, strict-origin-when-cross-origin","expect-ct":"max-age=2592000, report-uri=\"https://api.github.com/_private/browser/errors\"","content-security-policy":"default-src 'none'; base-uri 'self'; block-all-mixed-content; child-src github.com/assets-cdn/worker/ gist.github.com/assets-cdn/worker/; connect-src 'self' uploads.github.com objects-origin.githubusercontent.com www.githubstatus.com collector.githubapp.com api.github.com github-cloud.s3.amazonaws.com github-production-repository-file-5c1aeb.s3.amazonaws.com github-production-upload-manifest-file-7fdce7.s3.amazonaws.com github-production-user-asset-6210df.s3.amazonaws.com cdn.optimizely.com logx.optimizely.com/v1/events translator.github.com wss://alive.github.com; font-src github.githubassets.com; form-action 'self' github.com gist.github.com objects-origin.githubusercontent.com; frame-ancestors 'none'; frame-src render.githubusercontent.com viewscreen.githubusercontent.com viewscreen-lab.githubusercontent.com; img-src 'self' data: github.githubassets.com identicons.github.com collector.githubapp.com github-cloud.s3.amazonaws.com secured-user-images.githubusercontent.com/ *.githubusercontent.com; manifest-src 'self'; media-src github.com user-images.githubusercontent.com/; script-src github.githubassets.com; style-src 'unsafe-inline' github.githubassets.com; worker-src github.com/assets-cdn/worker/ gist.github.com/assets-cdn/worker/ github.com/socket-worker-0af8a29d.js gist.github.com/socket-worker-0af8a29d.js","x-github-request-id":"7AB3:1115:669F1:80DA9:6162BDEC"}
[debug] [2021-10-10T10:18:21.160Z] >>> [apiv2][query] GET https://api.github.com/user [none]
[debug] [2021-10-10T10:18:21.584Z] <<< [apiv2][status] GET https://api.github.com/user 200
[debug] [2021-10-10T10:18:21.585Z] <<< [apiv2][body] GET https://api.github.com/user {"login":"NickoQuiamco","id":18604666,"node_id":"MDQ6VXNlcjE4NjA0NjY2","avatar_url":"https://avatars.githubusercontent.com/u/18604666?v=4","gravatar_id":"","url":"https://api.github.com/users/NickoQuiamco","html_url":"https://github.com/NickoQuiamco","followers_url":"https://api.github.com/users/NickoQuiamco/followers","following_url":"https://api.github.com/users/NickoQuiamco/following{/other_user}","gists_url":"https://api.github.com/users/NickoQuiamco/gists{/gist_id}","starred_url":"https://api.github.com/users/NickoQuiamco/starred{/owner}{/repo}","subscriptions_url":"https://api.github.com/users/NickoQuiamco/subscriptions","organizations_url":"https://api.github.com/users/NickoQuiamco/orgs","repos_url":"https://api.github.com/users/NickoQuiamco/repos","events_url":"https://api.github.com/users/NickoQuiamco/events{/privacy}","received_events_url":"https://api.github.com/users/NickoQuiamco/received_events","type":"User","site_admin":false,"name":"Nicko","company":null,"blog":"","location":null,"email":"quiamconicko@gmail.com","hireable":null,"bio":null,"twitter_username":null,"public_repos":0,"public_gists":0,"followers":0,"following":0,"created_at":"2016-04-21T23:24:22Z","updated_at":"2021-09-28T18:29:56Z","private_gists":0,"total_private_repos":3,"owned_private_repos":3,"disk_usage":34854,"collaborators":0,"two_factor_authentication":false,"plan":{"name":"free","space":976562499,"collaborators":0,"private_repos":10000}}
[info] 
[info] +  Success! Logged into GitHub as NickoQuiamco 
[info] 
[debug] [2021-10-10T10:18:30.985Z] >>> [apiv2][query] GET https://api.github.com/repos//actions/secrets/public-key type=owner
[debug] [2021-10-10T10:18:31.372Z] <<< [apiv2][status] GET https://api.github.com/repos//actions/secrets/public-key 404
[debug] [2021-10-10T10:18:31.372Z] <<< [apiv2][body] GET https://api.github.com/repos//actions/secrets/public-key {"message":"Not Found","documentation_url":"https://docs.github.com/rest"}
[debug] [2021-10-10T10:18:36.205Z] >>> [apiv2][query] GET https://api.github.com/repos//actions/secrets/public-key type=owner
[debug] [2021-10-10T10:18:36.587Z] <<< [apiv2][status] GET https://api.github.com/repos//actions/secrets/public-key 404
[debug] [2021-10-10T10:18:36.587Z] <<< [apiv2][body] GET https://api.github.com/repos//actions/secrets/public-key {"message":"Not Found","documentation_url":"https://docs.github.com/rest"}
